#
# There is insufficient memory for the Java Runtime Environment to continue.
# Native memory allocation (malloc) failed to allocate 32744 bytes for ChunkPool::allocate
# Possible reasons:
#   The system is out of physical RAM or swap space
#   In 32 bit mode, the process size limit was hit
# Possible solutions:
#   Reduce memory load on the system
#   Increase physical memory or swap space
#   Check if swap backing store is full
#   Use 64 bit Java on a 64 bit OS
#   Decrease Java heap size (-Xmx/-Xms)
#   Decrease number of Java threads
#   Decrease Java thread stack sizes (-Xss)
#   Set larger code cache with -XX:ReservedCodeCacheSize=
# This output file may be truncated or incomplete.
#
#  Out of Memory Error (allocation.cpp:273), pid=64208, tid=0x0000000000000578
#
# JRE version: Java(TM) SE Runtime Environment (8.0_191-b12) (build 1.8.0_191-b12)
# Java VM: Java HotSpot(TM) 64-Bit Server VM (25.191-b12 mixed mode windows-amd64 compressed oops)
# Failed to write core dump. Minidumps are not enabled by default on client versions of Windows
#

---------------  T H R E A D  ---------------

Current thread (0x000000001a15c800):  JavaThread "C2 CompilerThread2" daemon [_thread_in_native, id=1400, stack(0x000000001ac20000,0x000000001ad20000)]

Stack: [0x000000001ac20000,0x000000001ad20000]
[error occurred during error reporting (printing stack bounds), id 0xc0000005]

Native frames: (J=compiled Java code, j=interpreted, Vv=VM code, C=native code)


Current CompileTask:
C2:   3434 1368       4       java.net.URLClassLoader$1::run (5 bytes)


---------------  P R O C E S S  ---------------

Java Threads: ( => current thread )
  0x00000000032c2800 JavaThread "DestroyJavaVM" [_thread_blocked, id=27868, stack(0x00000000031c0000,0x00000000032c0000)]
  0x000000001bd76800 JavaThread "pool-1-thread-1" [_thread_blocked, id=23828, stack(0x000000001d330000,0x000000001d430000)]
  0x000000001a1ee800 JavaThread "Service Thread" daemon [_thread_blocked, id=32012, stack(0x000000001ae20000,0x000000001af20000)]
  0x000000001a162800 JavaThread "C1 CompilerThread3" daemon [_thread_blocked, id=46088, stack(0x000000001ad20000,0x000000001ae20000)]
=>0x000000001a15c800 JavaThread "C2 CompilerThread2" daemon [_thread_in_native, id=1400, stack(0x000000001ac20000,0x000000001ad20000)]
  0x000000001a14f800 JavaThread "C2 CompilerThread1" daemon [_thread_in_native, id=40192, stack(0x000000001ab20000,0x000000001ac20000)]
  0x000000001a14c000 JavaThread "C2 CompilerThread0" daemon [_thread_blocked, id=23984, stack(0x000000001aa20000,0x000000001ab20000)]
  0x000000001a14b000 JavaThread "Attach Listener" daemon [_thread_blocked, id=33516, stack(0x000000001a920000,0x000000001aa20000)]
  0x000000001a148800 JavaThread "Signal Dispatcher" daemon [_thread_blocked, id=7256, stack(0x000000001a820000,0x000000001a920000)]
  0x000000001a141800 JavaThread "Finalizer" daemon [_thread_blocked, id=68884, stack(0x000000001a620000,0x000000001a720000)]
  0x000000001a140800 JavaThread "Reference Handler" daemon [_thread_blocked, id=10004, stack(0x000000001a520000,0x000000001a620000)]

Other Threads:
  0x0000000018359000 VMThread [stack: 0x000000001a020000,0x000000001a120000] [id=38464]
  0x000000001a208800 WatcherThread [stack: 0x000000001af20000,0x000000001b020000] [id=61696]

VM state:not at safepoint (normal execution)

VM Mutex/Monitor currently owned by a thread: None

Heap:
 PSYoungGen      total 38400K, used 23813K [0x00000000d5d80000, 0x00000000d9700000, 0x0000000100000000)
  eden space 33280K, 56% used [0x00000000d5d80000,0x00000000d6fc38d8,0x00000000d7e00000)
  from space 5120K, 99% used [0x00000000d8300000,0x00000000d87fdda0,0x00000000d8800000)
  to   space 5120K, 0% used [0x00000000d7e00000,0x00000000d7e00000,0x00000000d8300000)
 ParOldGen       total 61440K, used 7371K [0x0000000081800000, 0x0000000085400000, 0x00000000d5d80000)
  object space 61440K, 11% used [0x0000000081800000,0x0000000081f32e68,0x0000000085400000)
 Metaspace       used 29386K, capacity 29686K, committed 30128K, reserved 1075200K
  class space    used 4101K, capacity 4203K, committed 4272K, reserved 1048576K

Card table byte_map: [0x0000000012780000,0x0000000012b80000] byte_map_base: 0x0000000012374000

Marking Bits: (ParMarkBitMap*) 0x0000000073773e30
 Begin Bits: [0x0000000013630000, 0x00000000155d0000)
 End Bits:   [0x00000000155d0000, 0x0000000017570000)

Polling page: 0x00000000018b0000

CodeCache: size=245760Kb used=4698Kb max_used=4698Kb free=241061Kb
 bounds [0x00000000033c0000, 0x0000000003860000, 0x00000000123c0000]
 total_blobs=1894 nmethods=1388 adapters=418
 compilation: enabled

Compilation events (10 events):
Event: 3.295 Thread 0x000000001a162800 1386       3       oracle.jdbc.driver.DBConversion::CharBytesToString (205 bytes)
Event: 3.296 Thread 0x000000001a162800 nmethod 1386 0x0000000003851bd0 code [0x0000000003851f00, 0x00000000038534b8]
Event: 3.296 Thread 0x000000001a162800 1387       3       oracle.jdbc.driver.DBConversion::CharBytesToString (8 bytes)
Event: 3.296 Thread 0x000000001a162800 nmethod 1387 0x0000000003854290 code [0x0000000003854400, 0x00000000038545a8]
Event: 3.311 Thread 0x000000001a162800 1388       3       java.lang.String::equalsIgnoreCase (48 bytes)
Event: 3.311 Thread 0x000000001a162800 nmethod 1388 0x0000000003854e50 code [0x0000000003854fc0, 0x0000000003855328]
Event: 3.312 Thread 0x000000001a162800 1389       3       java.util.logging.LogManager$LoggerContext::processParentHandlers (122 bytes)
Event: 3.312 Thread 0x000000001a162800 nmethod 1389 0x0000000003855b50 code [0x0000000003855e20, 0x0000000003857418]
Event: 3.320 Thread 0x000000001a162800 1390       3       oracle.jdbc.driver.T4CMAREngine::marshalSB4 (29 bytes)
Event: 3.321 Thread 0x000000001a162800 nmethod 1390 0x0000000003858210 code [0x0000000003858380, 0x0000000003858638]

GC Heap History (10 events):
Event: 0.546 GC heap before
{Heap before GC invocations=1 (full 0):
 PSYoungGen      total 38400K, used 33241K [0x00000000d5d80000, 0x00000000d8800000, 0x0000000100000000)
  eden space 33280K, 99% used [0x00000000d5d80000,0x00000000d7df6530,0x00000000d7e00000)
  from space 5120K, 0% used [0x00000000d8300000,0x00000000d8300000,0x00000000d8800000)
  to   space 5120K, 0% used [0x00000000d7e00000,0x00000000d7e00000,0x00000000d8300000)
 ParOldGen       total 87552K, used 0K [0x0000000081800000, 0x0000000086d80000, 0x00000000d5d80000)
  object space 87552K, 0% used [0x0000000081800000,0x0000000081800000,0x0000000086d80000)
 Metaspace       used 2738K, capacity 4486K, committed 4864K, reserved 1056768K
  class space    used 295K, capacity 386K, committed 512K, reserved 1048576K
Event: 0.547 GC heap after
Heap after GC invocations=1 (full 0):
 PSYoungGen      total 38400K, used 672K [0x00000000d5d80000, 0x00000000d8800000, 0x0000000100000000)
  eden space 33280K, 0% used [0x00000000d5d80000,0x00000000d5d80000,0x00000000d7e00000)
  from space 5120K, 13% used [0x00000000d7e00000,0x00000000d7ea80a8,0x00000000d8300000)
  to   space 5120K, 0% used [0x00000000d8300000,0x00000000d8300000,0x00000000d8800000)
 ParOldGen       total 87552K, used 8K [0x0000000081800000, 0x0000000086d80000, 0x00000000d5d80000)
  object space 87552K, 0% used [0x0000000081800000,0x0000000081802000,0x0000000086d80000)
 Metaspace       used 2738K, capacity 4486K, committed 4864K, reserved 1056768K
  class space    used 295K, capacity 386K, committed 512K, reserved 1048576K
}
Event: 1.982 GC heap before
{Heap before GC invocations=2 (full 0):
 PSYoungGen      total 38400K, used 33952K [0x00000000d5d80000, 0x00000000d8800000, 0x0000000100000000)
  eden space 33280K, 100% used [0x00000000d5d80000,0x00000000d7e00000,0x00000000d7e00000)
  from space 5120K, 13% used [0x00000000d7e00000,0x00000000d7ea80a8,0x00000000d8300000)
  to   space 5120K, 0% used [0x00000000d8300000,0x00000000d8300000,0x00000000d8800000)
 ParOldGen       total 87552K, used 8K [0x0000000081800000, 0x0000000086d80000, 0x00000000d5d80000)
  object space 87552K, 0% used [0x0000000081800000,0x0000000081802000,0x0000000086d80000)
 Metaspace       used 15318K, capacity 15512K, committed 15744K, reserved 1062912K
  class space    used 2050K, capacity 2136K, committed 2176K, reserved 1048576K
Event: 1.987 GC heap after
Heap after GC invocations=2 (full 0):
 PSYoungGen      total 38400K, used 5097K [0x00000000d5d80000, 0x00000000d8800000, 0x0000000100000000)
  eden space 33280K, 0% used [0x00000000d5d80000,0x00000000d5d80000,0x00000000d7e00000)
  from space 5120K, 99% used [0x00000000d8300000,0x00000000d87fa568,0x00000000d8800000)
  to   space 5120K, 0% used [0x00000000d7e00000,0x00000000d7e00000,0x00000000d8300000)
 ParOldGen       total 87552K, used 1536K [0x0000000081800000, 0x0000000086d80000, 0x00000000d5d80000)
  object space 87552K, 1% used [0x0000000081800000,0x00000000819802a8,0x0000000086d80000)
 Metaspace       used 15318K, capacity 15512K, committed 15744K, reserved 1062912K
  class space    used 2050K, capacity 2136K, committed 2176K, reserved 1048576K
}
Event: 2.471 GC heap before
{Heap before GC invocations=3 (full 0):
 PSYoungGen      total 38400K, used 30304K [0x00000000d5d80000, 0x00000000d8800000, 0x0000000100000000)
  eden space 33280K, 75% used [0x00000000d5d80000,0x00000000d761de90,0x00000000d7e00000)
  from space 5120K, 99% used [0x00000000d8300000,0x00000000d87fa568,0x00000000d8800000)
  to   space 5120K, 0% used [0x00000000d7e00000,0x00000000d7e00000,0x00000000d8300000)
 ParOldGen       total 87552K, used 1536K [0x0000000081800000, 0x0000000086d80000, 0x00000000d5d80000)
  object space 87552K, 1% used [0x0000000081800000,0x00000000819802a8,0x0000000086d80000)
 Metaspace       used 20936K, capacity 21122K, committed 21296K, reserved 1067008K
  class space    used 2768K, capacity 2851K, committed 2864K, reserved 1048576K
Event: 2.477 GC heap after
Heap after GC invocations=3 (full 0):
 PSYoungGen      total 38400K, used 5119K [0x00000000d5d80000, 0x00000000d8800000, 0x0000000100000000)
  eden space 33280K, 0% used [0x00000000d5d80000,0x00000000d5d80000,0x00000000d7e00000)
  from space 5120K, 99% used [0x00000000d7e00000,0x00000000d82ffd10,0x00000000d8300000)
  to   space 5120K, 0% used [0x00000000d8300000,0x00000000d8300000,0x00000000d8800000)
 ParOldGen       total 87552K, used 3523K [0x0000000081800000, 0x0000000086d80000, 0x00000000d5d80000)
  object space 87552K, 4% used [0x0000000081800000,0x0000000081b70fd8,0x0000000086d80000)
 Metaspace       used 20936K, capacity 21122K, committed 21296K, reserved 1067008K
  class space    used 2768K, capacity 2851K, committed 2864K, reserved 1048576K
}
Event: 2.477 GC heap before
{Heap before GC invocations=4 (full 1):
 PSYoungGen      total 38400K, used 5119K [0x00000000d5d80000, 0x00000000d8800000, 0x0000000100000000)
  eden space 33280K, 0% used [0x00000000d5d80000,0x00000000d5d80000,0x00000000d7e00000)
  from space 5120K, 99% used [0x00000000d7e00000,0x00000000d82ffd10,0x00000000d8300000)
  to   space 5120K, 0% used [0x00000000d8300000,0x00000000d8300000,0x00000000d8800000)
 ParOldGen       total 87552K, used 3523K [0x0000000081800000, 0x0000000086d80000, 0x00000000d5d80000)
  object space 87552K, 4% used [0x0000000081800000,0x0000000081b70fd8,0x0000000086d80000)
 Metaspace       used 20936K, capacity 21122K, committed 21296K, reserved 1067008K
  class space    used 2768K, capacity 2851K, committed 2864K, reserved 1048576K
Event: 2.496 GC heap after
Heap after GC invocations=4 (full 1):
 PSYoungGen      total 38400K, used 0K [0x00000000d5d80000, 0x00000000d8800000, 0x0000000100000000)
  eden space 33280K, 0% used [0x00000000d5d80000,0x00000000d5d80000,0x00000000d7e00000)
  from space 5120K, 0% used [0x00000000d7e00000,0x00000000d7e00000,0x00000000d8300000)
  to   space 5120K, 0% used [0x00000000d8300000,0x00000000d8300000,0x00000000d8800000)
 ParOldGen       total 61440K, used 6790K [0x0000000081800000, 0x0000000085400000, 0x00000000d5d80000)
  object space 61440K, 11% used [0x0000000081800000,0x0000000081ea18e8,0x0000000085400000)
 Metaspace       used 20936K, capacity 21122K, committed 21296K, reserved 1067008K
  class space    used 2768K, capacity 2851K, committed 2864K, reserved 1048576K
}
Event: 3.030 GC heap before
{Heap before GC invocations=5 (full 1):
 PSYoungGen      total 38400K, used 33280K [0x00000000d5d80000, 0x00000000d8800000, 0x0000000100000000)
  eden space 33280K, 100% used [0x00000000d5d80000,0x00000000d7e00000,0x00000000d7e00000)
  from space 5120K, 0% used [0x00000000d7e00000,0x00000000d7e00000,0x00000000d8300000)
  to   space 5120K, 0% used [0x00000000d8300000,0x00000000d8300000,0x00000000d8800000)
 ParOldGen       total 61440K, used 6790K [0x0000000081800000, 0x0000000085400000, 0x00000000d5d80000)
  object space 61440K, 11% used [0x0000000081800000,0x0000000081ea18e8,0x0000000085400000)
 Metaspace       used 26565K, capacity 26808K, committed 27184K, reserved 1073152K
  class space    used 3696K, capacity 3778K, committed 3888K, reserved 1048576K
Event: 3.033 GC heap after
Heap after GC invocations=5 (full 1):
 PSYoungGen      total 38400K, used 5111K [0x00000000d5d80000, 0x00000000d9700000, 0x0000000100000000)
  eden space 33280K, 0% used [0x00000000d5d80000,0x00000000d5d80000,0x00000000d7e00000)
  from space 5120K, 99% used [0x00000000d8300000,0x00000000d87fdda0,0x00000000d8800000)
  to   space 5120K, 0% used [0x00000000d7e00000,0x00000000d7e00000,0x00000000d8300000)
 ParOldGen       total 61440K, used 7371K [0x0000000081800000, 0x0000000085400000, 0x00000000d5d80000)
  object space 61440K, 11% used [0x0000000081800000,0x0000000081f32e68,0x0000000085400000)
 Metaspace       used 26565K, capacity 26808K, committed 27184K, reserved 1073152K
  class space    used 3696K, capacity 3778K, committed 3888K, reserved 1048576K
}

Deoptimization events (10 events):
Event: 1.271 Thread 0x00000000032c2800 Uncommon trap: reason=range_check action=make_not_entrant pc=0x0000000003672da0 method=sun.reflect.generics.parser.SignatureParser.current()C @ 34
Event: 1.322 Thread 0x00000000032c2800 Uncommon trap: reason=unstable_if action=reinterpret pc=0x00000000035c0480 method=sun.misc.MetaIndex.mayContain(Ljava/lang/String;)Z @ 38
Event: 1.322 Thread 0x00000000032c2800 Uncommon trap: reason=unstable_if action=reinterpret pc=0x0000000003599e58 method=sun.misc.MetaIndex.mayContain(Ljava/lang/String;)Z @ 38
Event: 1.390 Thread 0x00000000032c2800 Uncommon trap: reason=unstable_if action=reinterpret pc=0x0000000003657348 method=java.lang.AbstractStringBuilder.append(Ljava/lang/String;)Ljava/lang/AbstractStringBuilder; @ 1
Event: 1.802 Thread 0x00000000032c2800 Uncommon trap: reason=unstable_if action=reinterpret pc=0x0000000003706008 method=java.io.WinNTFileSystem.normalize(Ljava/lang/String;)Ljava/lang/String; @ 128
Event: 2.035 Thread 0x00000000032c2800 Uncommon trap: reason=unstable_if action=reinterpret pc=0x00000000035e5404 method=java.lang.AbstractStringBuilder.append(Ljava/lang/String;)Ljava/lang/AbstractStringBuilder; @ 1
Event: 2.100 Thread 0x00000000032c2800 Uncommon trap: reason=predicate action=maybe_recompile pc=0x000000000363e7fc method=sun.net.www.ParseUtil.encodePath(Ljava/lang/String;Z)Ljava/lang/String; @ 36
Event: 3.294 Thread 0x00000000032c2800 Uncommon trap: reason=unstable_if action=reinterpret pc=0x000000000376f634 method=oracle.jdbc.driver.OracleSql.appendChar(Ljava/lang/StringBuffer;C)V @ 3
Event: 3.304 Thread 0x00000000032c2800 Uncommon trap: reason=unstable_if action=reinterpret pc=0x0000000003760c84 method=java.lang.String.regionMatches(ZILjava/lang/String;II)Z @ 123
Event: 3.304 Thread 0x00000000032c2800 Uncommon trap: reason=unstable_if action=reinterpret pc=0x000000000378ab24 method=java.lang.String.regionMatches(ZILjava/lang/String;II)Z @ 123

Classes redefined (0 events):
No events

Internal exceptions (10 events):
Event: 1.272 Thread 0x00000000032c2800 Exception <a 'java/lang/ArrayIndexOutOfBoundsException': 83> (0x00000000d70da168) thrown at [C:\re\workspace\8-2-build-windows-amd64-cygwin\jdk8u191\11896\hotspot\src\share\vm\interpreter\interpreterRuntime.cpp, line 366]
Event: 1.272 Thread 0x00000000032c2800 Exception <a 'java/lang/ArrayIndexOutOfBoundsException': 81> (0x00000000d70db128) thrown at [C:\re\workspace\8-2-build-windows-amd64-cygwin\jdk8u191\11896\hotspot\src\share\vm\interpreter\interpreterRuntime.cpp, line 366]
Event: 1.272 Thread 0x00000000032c2800 Exception <a 'java/lang/ArrayIndexOutOfBoundsException': 38> (0x00000000d70dbcb0) thrown at [C:\re\workspace\8-2-build-windows-amd64-cygwin\jdk8u191\11896\hotspot\src\share\vm\interpreter\interpreterRuntime.cpp, line 366]
Event: 1.390 Thread 0x00000000032c2800 Implicit null exception at 0x0000000003656f96 to 0x0000000003657331
Event: 2.035 Thread 0x00000000032c2800 Implicit null exception at 0x00000000035e5056 to 0x00000000035e53ed
Event: 2.165 Thread 0x00000000032c2800 Exception <a 'java/lang/NoSuchMethodError': <clinit>> (0x00000000d64b8690) thrown at [C:\re\workspace\8-2-build-windows-amd64-cygwin\jdk8u191\11896\hotspot\src\share\vm\prims\jni.cpp, line 1613]
Event: 2.167 Thread 0x00000000032c2800 Exception <a 'java/lang/NoSuchMethodError': <clinit>> (0x00000000d64c5718) thrown at [C:\re\workspace\8-2-build-windows-amd64-cygwin\jdk8u191\11896\hotspot\src\share\vm\prims\jni.cpp, line 1613]
Event: 2.318 Thread 0x00000000032c2800 Exception <a 'java/lang/AbstractMethodError': oracle.jdbc.driver.T4CConnection.getSchema()Ljava/lang/String;> (0x00000000d6c95d48) thrown at [C:\re\workspace\8-2-build-windows-amd64-cygwin\jdk8u191\11896\hotspot\src\share\vm\interpreter\linkResolver.cpp, 
Event: 2.332 Thread 0x00000000032c2800 Exception <a 'java/lang/AbstractMethodError': oracle.jdbc.driver.T4CConnection.createClob()Ljava/sql/Clob;> (0x00000000d6d5c008) thrown at [C:\re\workspace\8-2-build-windows-amd64-cygwin\jdk8u191\11896\hotspot\src\share\vm\interpreter\linkResolver.cpp, li
Event: 2.332 Thread 0x00000000032c2800 Exception <a 'java/lang/reflect/InvocationTargetException'> (0x00000000d6d5c210) thrown at [C:\re\workspace\8-2-build-windows-amd64-cygwin\jdk8u191\11896\hotspot\src\share\vm\runtime\reflection.cpp, line 954]

Events (10 events):
Event: 3.318 loading class org/hibernate/jdbc/BatchedTooManyRowsAffectedException
Event: 3.318 loading class org/hibernate/jdbc/BatchedTooManyRowsAffectedException done
Event: 3.319 loading class org/hibernate/jdbc/Expectations$BasicParamExpectation
Event: 3.319 loading class org/hibernate/jdbc/Expectations$BasicParamExpectation done
Event: 3.320 loading class org/hibernate/type/descriptor/sql/VarcharTypeDescriptor$1
Event: 3.320 loading class org/hibernate/type/descriptor/sql/VarcharTypeDescriptor$1 done
Event: 3.345 loading class org/hibernate/event/spi/PostUpdateEvent
Event: 3.345 loading class org/hibernate/event/spi/PostUpdateEvent done
Event: 3.347 Thread 0x00000000032c2800 Thread exited: 0x00000000032c2800
Event: 3.347 Thread 0x00000000032c2800 Thread added: 0x00000000032c2800


Dynamic libraries:
0x00007ff6f8f70000 - 0x00007ff6f8fa7000 	C:\Program Files\Java\jdk1.8.0_191\bin\javaw.exe
0x00007ffa00e00000 - 0x00007ffa00ff0000 	C:\WINDOWS\SYSTEM32\ntdll.dll
0x00007ff9feec0000 - 0x00007ff9fef72000 	C:\WINDOWS\System32\KERNEL32.DLL
0x00007ff9fe7a0000 - 0x00007ff9fea43000 	C:\WINDOWS\System32\KERNELBASE.dll
0x00007ffa00a20000 - 0x00007ffa00ac3000 	C:\WINDOWS\System32\ADVAPI32.dll
0x00007ff9ff0f0000 - 0x00007ff9ff18e000 	C:\WINDOWS\System32\msvcrt.dll
0x00007ffa00c50000 - 0x00007ffa00ce7000 	C:\WINDOWS\System32\sechost.dll
0x00007ffa00ad0000 - 0x00007ffa00bf0000 	C:\WINDOWS\System32\RPCRT4.dll
0x00007ffa00800000 - 0x00007ffa00993000 	C:\WINDOWS\System32\USER32.dll
0x00007ff9fdf70000 - 0x00007ff9fdf91000 	C:\WINDOWS\System32\win32u.dll
0x00007ff9ff8a0000 - 0x00007ff9ff8c6000 	C:\WINDOWS\System32\GDI32.dll
0x00007ff9fea50000 - 0x00007ff9febe4000 	C:\WINDOWS\System32\gdi32full.dll
0x00007ff9fee20000 - 0x00007ff9feebe000 	C:\WINDOWS\System32\msvcp_win.dll
0x00007ff9febf0000 - 0x00007ff9fecea000 	C:\WINDOWS\System32\ucrtbase.dll
0x00007ff9f24a0000 - 0x00007ff9f2725000 	C:\WINDOWS\WinSxS\amd64_microsoft.windows.common-controls_6595b64144ccf1df_6.0.18362.239_none_e6c7aebd130c7608\COMCTL32.dll
0x00007ff9ff210000 - 0x00007ff9ff546000 	C:\WINDOWS\System32\combase.dll
0x00007ff9fe720000 - 0x00007ff9fe7a0000 	C:\WINDOWS\System32\bcryptPrimitives.dll
0x00007ffa00490000 - 0x00007ffa004be000 	C:\WINDOWS\System32\IMM32.DLL
0x0000000073c40000 - 0x0000000073d12000 	C:\Program Files\Java\jdk1.8.0_191\jre\bin\msvcr100.dll
0x0000000072f50000 - 0x00000000737f4000 	C:\Program Files\Java\jdk1.8.0_191\jre\bin\server\jvm.dll
0x00007ff9ff550000 - 0x00007ff9ff558000 	C:\WINDOWS\System32\PSAPI.DLL
0x00007ff9f4620000 - 0x00007ff9f4644000 	C:\WINDOWS\SYSTEM32\WINMM.dll
0x00007ff9f10b0000 - 0x00007ff9f10b9000 	C:\WINDOWS\SYSTEM32\WSOCK32.dll
0x00007ff9fc840000 - 0x00007ff9fc84a000 	C:\WINDOWS\SYSTEM32\VERSION.dll
0x00007ffa00770000 - 0x00007ffa007df000 	C:\WINDOWS\System32\WS2_32.dll
0x00007ff9f43e0000 - 0x00007ff9f440d000 	C:\WINDOWS\SYSTEM32\WINMMBASE.dll
0x00007ff9fecf0000 - 0x00007ff9fed3a000 	C:\WINDOWS\System32\cfgmgr32.dll
0x0000000072e60000 - 0x0000000072e6f000 	C:\Program Files\Java\jdk1.8.0_191\jre\bin\verify.dll
0x0000000072e30000 - 0x0000000072e59000 	C:\Program Files\Java\jdk1.8.0_191\jre\bin\java.dll
0x0000000072e10000 - 0x0000000072e26000 	C:\Program Files\Java\jdk1.8.0_191\jre\bin\zip.dll
0x00007ff9ffdb0000 - 0x00007ffa00490000 	C:\WINDOWS\System32\SHELL32.dll
0x00007ff9fef80000 - 0x00007ff9ff029000 	C:\WINDOWS\System32\shcore.dll
0x00007ff9fdfa0000 - 0x00007ff9fe71b000 	C:\WINDOWS\System32\windows.storage.dll
0x00007ff9fdcf0000 - 0x00007ff9fdd0f000 	C:\WINDOWS\System32\profapi.dll
0x00007ff9fdd30000 - 0x00007ff9fdd7a000 	C:\WINDOWS\System32\powrprof.dll
0x00007ff9fdce0000 - 0x00007ff9fdcf0000 	C:\WINDOWS\System32\UMPDC.dll
0x00007ff9ff090000 - 0x00007ff9ff0e2000 	C:\WINDOWS\System32\shlwapi.dll
0x00007ff9fdd10000 - 0x00007ff9fdd21000 	C:\WINDOWS\System32\kernel.appcore.dll
0x00007ff9fdf50000 - 0x00007ff9fdf67000 	C:\WINDOWS\System32\cryptsp.dll
0x00007ff9fd0b0000 - 0x00007ff9fd0e3000 	C:\WINDOWS\system32\rsaenh.dll
0x00007ff9fedf0000 - 0x00007ff9fee16000 	C:\WINDOWS\System32\bcrypt.dll
0x00007ff9fdc00000 - 0x00007ff9fdc25000 	C:\WINDOWS\SYSTEM32\USERENV.dll
0x00007ff9fd6c0000 - 0x00007ff9fd6cc000 	C:\WINDOWS\SYSTEM32\CRYPTBASE.dll
0x0000000072df0000 - 0x0000000072e0a000 	C:\Program Files\Java\jdk1.8.0_191\jre\bin\net.dll
0x00007ff9fd4f0000 - 0x00007ff9fd557000 	C:\WINDOWS\system32\mswsock.dll
0x00007ff9fd250000 - 0x00007ff9fd28a000 	C:\WINDOWS\SYSTEM32\IPHLPAPI.DLL
0x00007ff9ff7c0000 - 0x00007ff9ff7c8000 	C:\WINDOWS\System32\NSI.dll
0x00007ff9f5e80000 - 0x00007ff9f5e96000 	C:\WINDOWS\SYSTEM32\dhcpcsvc6.DLL
0x00007ff9f5dc0000 - 0x00007ff9f5ddc000 	C:\WINDOWS\SYSTEM32\dhcpcsvc.DLL
0x00007ff9fd290000 - 0x00007ff9fd35a000 	C:\WINDOWS\SYSTEM32\DNSAPI.dll
0x0000000072dd0000 - 0x0000000072de1000 	C:\Program Files\Java\jdk1.8.0_191\jre\bin\nio.dll
0x00007ff9f4e90000 - 0x00007ff9f4e9a000 	C:\Windows\System32\rasadhlp.dll
0x00007ff9f4f80000 - 0x00007ff9f4ff7000 	C:\WINDOWS\System32\fwpuclnt.dll
0x00007ff9eeae0000 - 0x00007ff9eeaf6000 	C:\WINDOWS\system32\napinsp.dll
0x00007ff9eeac0000 - 0x00007ff9eeada000 	C:\WINDOWS\system32\pnrpnsp.dll
0x00007ff9eea70000 - 0x00007ff9eea7e000 	C:\WINDOWS\System32\winrnr.dll
0x00007ff9f7c80000 - 0x00007ff9f7c9c000 	C:\WINDOWS\system32\NLAapi.dll
0x00007ff9f9460000 - 0x00007ff9f9475000 	C:\WINDOWS\system32\wshbth.dll

VM Arguments:
jvm_args: -Dfile.encoding=Cp1252 
java_command: com.asminds.Employee.MainEmp
java_class_path (initial): C:\Program Files\Java\jdk1.8.0_191\jre\lib\resources.jar;C:\Program Files\Java\jdk1.8.0_191\jre\lib\rt.jar;C:\Program Files\Java\jdk1.8.0_191\jre\lib\jsse.jar;C:\Program Files\Java\jdk1.8.0_191\jre\lib\jce.jar;C:\Program Files\Java\jdk1.8.0_191\jre\lib\charsets.jar;C:\Program Files\Java\jdk1.8.0_191\jre\lib\jfr.jar;C:\Program Files\Java\jdk1.8.0_191\jre\lib\ext\access-bridge-64.jar;C:\Program Files\Java\jdk1.8.0_191\jre\lib\ext\cldrdata.jar;C:\Program Files\Java\jdk1.8.0_191\jre\lib\ext\dnsns.jar;C:\Program Files\Java\jdk1.8.0_191\jre\lib\ext\jaccess.jar;C:\Program Files\Java\jdk1.8.0_191\jre\lib\ext\jfxrt.jar;C:\Program Files\Java\jdk1.8.0_191\jre\lib\ext\localedata.jar;C:\Program Files\Java\jdk1.8.0_191\jre\lib\ext\nashorn.jar;C:\Program Files\Java\jdk1.8.0_191\jre\lib\ext\sunec.jar;C:\Program Files\Java\jdk1.8.0_191\jre\lib\ext\sunjce_provider.jar;C:\Program Files\Java\jdk1.8.0_191\jre\lib\ext\sunmscapi.jar;C:\Program Files\Java\jdk1.8.0_191\jre\lib\ext\sunpkcs11.jar;C:\Program Files\Java\jdk1.8.0_191\jre\lib\ext\zipfs.jar;C:\Users\rajue\Desktop\PProjects\HibernateCore\bin;C:\Users\rajue\Desktop\HP V236W\Hibernate\antlr-2.7.7.jar;C:\Users\rajue\Desktop\HP V236W\Hibernate\byte-buddy-1.8.12.jar;C:\Users\rajue\Desktop\HP V236W\Hibernate\mchange-commons-java-0.2.11.jar;C:\Users\rajue\Desktop\HP V236W\Hibernate\c3p0-0.9.5.2.jar;C:\Users\rajue\Desktop\HP V236W\Hibernate\classmate-1.3.4.jar;C:\Users\rajue\Desktop\HP V236W\Hibernate\dom4j-1.6.1.jar;C:\Users\rajue\Desktop\HP V236W\Hibernate\geolatte-geom-1.3.0.jar;C:\Users\rajue\Desktop\HP V236W\Hibernate\hibernate-c3p0-5.3.1.Final.jar;C:\Users\rajue\Desktop\HP V236W\Hibernate\hibernate-commons-annotations-5.0.3.Final.jar;C:\Users\rajue\Desktop\HP V236W\Hibernate\hibernate-core-5.3.1.Final.jar;C:\Users\rajue\Desktop\HP V236W\Hibernate\hibernate-envers-5.3.1.Final.jar;C:\Users\rajue\Desktop\HP V236W\Hibernate\hibernate-jpamodelgen-5.3.1.Final.jar;C:\Users\rajue\Desktop\HP V236W\Hibernate\hibern
Launcher Type: SUN_STANDARD

Environment Variables:
PATH=C:/Program Files/Java/jdk1.8.0_191/bin/../jre/bin/server;C:/Program Files/Java/jdk1.8.0_191/bin/../jre/bin;C:/Program Files/Java/jdk1.8.0_191/bin/../jre/lib/amd64;C:\app\rajue\product\11.2.0\dbhome_1\bin;C:\Program Files\Java\jdk1.8.0_191\bin;C:\Program Files (x86)\Common Files\Oracle\Java\javapath;C:\Program Files (x86)\Intel\Intel(R) Management Engine Components\iCLS\;C:\Program Files\Intel\Intel(R) Management Engine Components\iCLS\;C:\WINDOWS\system32;C:\WINDOWS;C:\WINDOWS\System32\Wbem;C:\WINDOWS\System32\WindowsPowerShell\v1.0\;C:\Program Files (x86)\Intel\Intel(R) Management Engine Components\DAL;C:\Program Files\Intel\Intel(R) Management Engine Components\DAL;C:\Program Files (x86)\Intel\Intel(R) Management Engine Components\IPT;C:\Program Files\Intel\Intel(R) Management Engine Components\IPT;C:\WINDOWS\System32\OpenSSH\;C:\Program Files\Git\cmd;C:\Program Files\Git\bin;C:\Users\rajue\AppData\Local\Microsoft\WindowsApps;;C:\Users\rajue\Downloads\eclipse-jee-oxygen-3a-win32-x86_64\eclipse;
USERNAME=rajue
OS=Windows_NT
PROCESSOR_IDENTIFIER=Intel64 Family 6 Model 142 Stepping 10, GenuineIntel



---------------  S Y S T E M  ---------------

OS: Windows 10.0 , 64 bit Build 18362 (10.0.18362.86)

CPU:total 8 (initial active 8) (4 cores per cpu, 2 threads per core) family 6 model 142 stepping 10, cmov, cx8, fxsr, mmx, sse, sse2, sse3, ssse3, sse4.1, sse4.2, popcnt, avx, avx2, aes, clmul, erms, 3dnowpref, lzcnt, ht, tsc, tscinvbit, bmi1, bmi2, adx

Memory: 4k page, physical 8286588k(635480k free), swap 33452412k(3104k free)

vm_info: Java HotSpot(TM) 64-Bit Server VM (25.191-b12) for windows-amd64 JRE (1.8.0_191-b12), built on Oct  6 2018 09:29:03 by "java_re" with MS VC++ 10.0 (VS2010)

time: Wed Jul 31 16:30:45 2019
elapsed time: 3 seconds (0d 0h 0m 3s)

